=== Compilation Pass 1 ===
This is pdfTeX, Version 3.141592653-2.6-1.40.26 (TeX Live 2024) (preloaded format=pdflatex)
 restricted \write18 enabled.
entering extended mode

(/Users/williamekberg/Desktop/Stanford kurser/CS 224G/Repo/CS224G_TechPackAI/ba
ckend/src/projects/3a1ea474-be99-4e6b-a5dc-5520c531d6ef/code.tex
LaTeX2e <2023-11-01> patch level 1
L3 programming layer <2024-02-20>

! LaTeX Error: Missing \begin{document}.

See the LaTeX manual or LaTeX Companion for explanation.
Type  H <return>  for immediate help.
 ...                                              
                                                  
l.1 `
     ``latex
Missing character: There is no ` in font nullfont!
Missing character: There is no ` in font nullfont!
Missing character: There is no ` in font nullfont!
Missing character: There is no l in font nullfont!
Missing character: There is no a in font nullfont!
Missing character: There is no t in font nullfont!
Missing character: There is no e in font nullfont!
Missing character: There is no x in font nullfont!
(/usr/local/texlive/2024/texmf-dist/tex/latex/base/article.cls
Document Class: article 2023/05/17 v1.4n Standard LaTeX document class
(/usr/local/texlive/2024/texmf-dist/tex/latex/base/size11.clo)
Overfull \hbox (20.0pt too wide) in paragraph at lines 1--274
[]
[1{/usr/local/texlive/2024/texmf-var/fonts/map/pdftex/updmap/pdftex.map}])
(/usr/local/texlive/2024/texmf-dist/tex/latex/base/inputenc.sty)
(/usr/local/texlive/2024/texmf-dist/tex/latex/base/fontenc.sty)
(/usr/local/texlive/2024/texmf-dist/tex/latex/lm/lmodern.sty)
(/usr/local/texlive/2024/texmf-dist/tex/generic/babel/babel.sty
(/usr/local/texlive/2024/texmf-dist/tex/generic/babel/txtbabel.def)
(/usr/local/texlive/2024/texmf-dist/tex/generic/babel-english/english.ldf))
(/usr/local/texlive/2024/texmf-dist/tex/generic/babel/locale/en/babel-english.t
ex) (/usr/local/texlive/2024/texmf-dist/tex/latex/xcolor/xcolor.sty
(/usr/local/texlive/2024/texmf-dist/tex/latex/graphics-cfg/color.cfg)
(/usr/local/texlive/2024/texmf-dist/tex/latex/graphics-def/pdftex.def)
(/usr/local/texlive/2024/texmf-dist/tex/latex/graphics/mathcolor.ltx))
(/usr/local/texlive/2024/texmf-dist/tex/latex/graphics/graphicx.sty
(/usr/local/texlive/2024/texmf-dist/tex/latex/graphics/keyval.sty)
(/usr/local/texlive/2024/texmf-dist/tex/latex/graphics/graphics.sty
(/usr/local/texlive/2024/texmf-dist/tex/latex/graphics/trig.sty)
(/usr/local/texlive/2024/texmf-dist/tex/latex/graphics-cfg/graphics.cfg)))
(/usr/local/texlive/2024/texmf-dist/tex/latex/tools/tabularx.sty
(/usr/local/texlive/2024/texmf-dist/tex/latex/tools/array.sty))
(/usr/local/texlive/2024/texmf-dist/tex/latex/booktabs/booktabs.sty)
(/usr/local/texlive/2024/texmf-dist/tex/latex/colortbl/colortbl.sty)
(/usr/local/texlive/2024/texmf-dist/tex/latex/multirow/multirow.sty)
(/usr/local/texlive/2024/texmf-dist/tex/latex/pgf/frontendlayer/tikz.sty
(/usr/local/texlive/2024/texmf-dist/tex/latex/pgf/basiclayer/pgf.sty
(/usr/local/texlive/2024/texmf-dist/tex/latex/pgf/utilities/pgfrcs.sty
(/usr/local/texlive/2024/texmf-dist/tex/generic/pgf/utilities/pgfutil-common.te
x)
(/usr/local/texlive/2024/texmf-dist/tex/generic/pgf/utilities/pgfutil-latex.def
) (/usr/local/texlive/2024/texmf-dist/tex/generic/pgf/utilities/pgfrcs.code.tex
(/usr/local/texlive/2024/texmf-dist/tex/generic/pgf/pgf.revision.tex)))
(/usr/local/texlive/2024/texmf-dist/tex/latex/pgf/basiclayer/pgfcore.sty
(/usr/local/texlive/2024/texmf-dist/tex/latex/pgf/systemlayer/pgfsys.sty
(/usr/local/texlive/2024/texmf-dist/tex/generic/pgf/systemlayer/pgfsys.code.tex
(/usr/local/texlive/2024/texmf-dist/tex/generic/pgf/utilities/pgfkeys.code.tex
(/usr/local/texlive/2024/texmf-dist/tex/generic/pgf/utilities/pgfkeyslibraryfil
tered.code.tex))
(/usr/local/texlive/2024/texmf-dist/tex/generic/pgf/systemlayer/pgf.cfg)
(/usr/local/texlive/2024/texmf-dist/tex/generic/pgf/systemlayer/pgfsys-pdftex.d
ef
(/usr/local/texlive/2024/texmf-dist/tex/generic/pgf/systemlayer/pgfsys-common-p
df.def)))
(/usr/local/texlive/2024/texmf-dist/tex/generic/pgf/systemlayer/pgfsyssoftpath.
code.tex)
(/usr/local/texlive/2024/texmf-dist/tex/generic/pgf/systemlayer/pgfsysprotocol.
code.tex))
(/usr/local/texlive/2024/texmf-dist/tex/generic/pgf/basiclayer/pgfcore.code.tex
(/usr/local/texlive/2024/texmf-dist/tex/generic/pgf/math/pgfmath.code.tex
(/usr/local/texlive/2024/texmf-dist/tex/generic/pgf/math/pgfmathutil.code.tex)
(/usr/local/texlive/2024/texmf-dist/tex/generic/pgf/math/pgfmathparser.code.tex
)
(/usr/local/texlive/2024/texmf-dist/tex/generic/pgf/math/pgfmathfunctions.code.
tex)
(/usr/local/texlive/2024/texmf-dist/tex/generic/pgf/math/pgfmathfunctions.basic
.code.tex)
(/usr/local/texlive/2024/texmf-dist/tex/generic/pgf/math/pgfmathfunctions.trigo
nometric.code.tex)
(/usr/local/texlive/2024/texmf-dist/tex/generic/pgf/math/pgfmathfunctions.rando
m.code.tex)
(/usr/local/texlive/2024/texmf-dist/tex/generic/pgf/math/pgfmathfunctions.compa
rison.code.tex)
(/usr/local/texlive/2024/texmf-dist/tex/generic/pgf/math/pgfmathfunctions.base.
code.tex)
(/usr/local/texlive/2024/texmf-dist/tex/generic/pgf/math/pgfmathfunctions.round
.code.tex)
(/usr/local/texlive/2024/texmf-dist/tex/generic/pgf/math/pgfmathfunctions.misc.
code.tex)
(/usr/local/texlive/2024/texmf-dist/tex/generic/pgf/math/pgfmathfunctions.integ
erarithmetics.code.tex)
(/usr/local/texlive/2024/texmf-dist/tex/generic/pgf/math/pgfmathcalc.code.tex)
(/usr/local/texlive/2024/texmf-dist/tex/generic/pgf/math/pgfmathfloat.code.tex)
) (/usr/local/texlive/2024/texmf-dist/tex/generic/pgf/math/pgfint.code.tex)
(/usr/local/texlive/2024/texmf-dist/tex/generic/pgf/basiclayer/pgfcorepoints.co
de.tex)
(/usr/local/texlive/2024/texmf-dist/tex/generic/pgf/basiclayer/pgfcorepathconst
ruct.code.tex)
(/usr/local/texlive/2024/texmf-dist/tex/generic/pgf/basiclayer/pgfcorepathusage
.code.tex)
(/usr/local/texlive/2024/texmf-dist/tex/generic/pgf/basiclayer/pgfcorescopes.co
de.tex)
(/usr/local/texlive/2024/texmf-dist/tex/generic/pgf/basiclayer/pgfcoregraphicst
ate.code.tex)
(/usr/local/texlive/2024/texmf-dist/tex/generic/pgf/basiclayer/pgfcoretransform
ations.code.tex)
(/usr/local/texlive/2024/texmf-dist/tex/generic/pgf/basiclayer/pgfcorequick.cod
e.tex)
(/usr/local/texlive/2024/texmf-dist/tex/generic/pgf/basiclayer/pgfcoreobjects.c
ode.tex)
(/usr/local/texlive/2024/texmf-dist/tex/generic/pgf/basiclayer/pgfcorepathproce
ssing.code.tex)
(/usr/local/texlive/2024/texmf-dist/tex/generic/pgf/basiclayer/pgfcorearrows.co
de.tex)
(/usr/local/texlive/2024/texmf-dist/tex/generic/pgf/basiclayer/pgfcoreshade.cod
e.tex)
(/usr/local/texlive/2024/texmf-dist/tex/generic/pgf/basiclayer/pgfcoreimage.cod
e.tex)
(/usr/local/texlive/2024/texmf-dist/tex/generic/pgf/basiclayer/pgfcoreexternal.
code.tex)
(/usr/local/texlive/2024/texmf-dist/tex/generic/pgf/basiclayer/pgfcorelayers.co
de.tex)
(/usr/local/texlive/2024/texmf-dist/tex/generic/pgf/basiclayer/pgfcoretranspare
ncy.code.tex)
(/usr/local/texlive/2024/texmf-dist/tex/generic/pgf/basiclayer/pgfcorepatterns.
code.tex)
(/usr/local/texlive/2024/texmf-dist/tex/generic/pgf/basiclayer/pgfcorerdf.code.
tex)))
(/usr/local/texlive/2024/texmf-dist/tex/generic/pgf/modules/pgfmoduleshapes.cod
e.tex)
(/usr/local/texlive/2024/texmf-dist/tex/generic/pgf/modules/pgfmoduleplot.code.
tex)
(/usr/local/texlive/2024/texmf-dist/tex/latex/pgf/compatibility/pgfcomp-version
-0-65.sty)
(/usr/local/texlive/2024/texmf-dist/tex/latex/pgf/compatibility/pgfcomp-version
-1-18.sty))
(/usr/local/texlive/2024/texmf-dist/tex/latex/pgf/utilities/pgffor.sty
(/usr/local/texlive/2024/texmf-dist/tex/latex/pgf/utilities/pgfkeys.sty
(/usr/local/texlive/2024/texmf-dist/tex/generic/pgf/utilities/pgfkeys.code.tex)
) (/usr/local/texlive/2024/texmf-dist/tex/latex/pgf/math/pgfmath.sty
(/usr/local/texlive/2024/texmf-dist/tex/generic/pgf/math/pgfmath.code.tex))
(/usr/local/texlive/2024/texmf-dist/tex/generic/pgf/utilities/pgffor.code.tex))

(/usr/local/texlive/2024/texmf-dist/tex/generic/pgf/frontendlayer/tikz/tikz.cod
e.tex
(/usr/local/texlive/2024/texmf-dist/tex/generic/pgf/libraries/pgflibraryplothan
dlers.code.tex)
(/usr/local/texlive/2024/texmf-dist/tex/generic/pgf/modules/pgfmodulematrix.cod
e.tex)
(/usr/local/texlive/2024/texmf-dist/tex/generic/pgf/frontendlayer/tikz/librarie
s/tikzlibrarytopaths.code.tex)))
(/usr/local/texlive/2024/texmf-dist/tex/latex/tcolorbox/tcolorbox.sty
(/usr/local/texlive/2024/texmf-dist/tex/latex/tools/verbatim.sty)
(/usr/local/texlive/2024/texmf-dist/tex/latex/environ/environ.sty
(/usr/local/texlive/2024/texmf-dist/tex/latex/trimspaces/trimspaces.sty))
(/usr/local/texlive/2024/texmf-dist/tex/latex/etoolbox/etoolbox.sty))
(/usr/local/texlive/2024/texmf-dist/tex/latex/enumitem/enumitem.sty)
(/usr/local/texlive/2024/texmf-dist/tex/latex/fancyhdr/fancyhdr.sty)
(/usr/local/texlive/2024/texmf-dist/tex/latex/hyperref/hyperref.sty
(/usr/local/texlive/2024/texmf-dist/tex/generic/iftex/iftex.sty)
(/usr/local/texlive/2024/texmf-dist/tex/latex/kvsetkeys/kvsetkeys.sty)
(/usr/local/texlive/2024/texmf-dist/tex/generic/kvdefinekeys/kvdefinekeys.sty)
(/usr/local/texlive/2024/texmf-dist/tex/generic/pdfescape/pdfescape.sty
(/usr/local/texlive/2024/texmf-dist/tex/generic/ltxcmds/ltxcmds.sty)
(/usr/local/texlive/2024/texmf-dist/tex/generic/pdftexcmds/pdftexcmds.sty
(/usr/local/texlive/2024/texmf-dist/tex/generic/infwarerr/infwarerr.sty)))
(/usr/local/texlive/2024/texmf-dist/tex/latex/hycolor/hycolor.sty)
(/usr/local/texlive/2024/texmf-dist/tex/latex/auxhook/auxhook.sty)
(/usr/local/texlive/2024/texmf-dist/tex/latex/hyperref/nameref.sty
(/usr/local/texlive/2024/texmf-dist/tex/latex/refcount/refcount.sty)
(/usr/local/texlive/2024/texmf-dist/tex/generic/gettitlestring/gettitlestring.s
ty (/usr/local/texlive/2024/texmf-dist/tex/latex/kvoptions/kvoptions.sty)))
(/usr/local/texlive/2024/texmf-dist/tex/latex/hyperref/pd1enc.def)
(/usr/local/texlive/2024/texmf-dist/tex/generic/intcalc/intcalc.sty)
(/usr/local/texlive/2024/texmf-dist/tex/latex/hyperref/puenc.def)
(/usr/local/texlive/2024/texmf-dist/tex/latex/url/url.sty)
(/usr/local/texlive/2024/texmf-dist/tex/generic/bitset/bitset.sty
(/usr/local/texlive/2024/texmf-dist/tex/generic/bigintcalc/bigintcalc.sty))
(/usr/local/texlive/2024/texmf-dist/tex/latex/base/atbegshi-ltx.sty))
(/usr/local/texlive/2024/texmf-dist/tex/latex/hyperref/hpdftex.def
(/usr/local/texlive/2024/texmf-dist/tex/latex/base/atveryend-ltx.sty)
(/usr/local/texlive/2024/texmf-dist/tex/latex/rerunfilecheck/rerunfilecheck.sty

(/usr/local/texlive/2024/texmf-dist/tex/generic/uniquecounter/uniquecounter.sty
))) (/usr/local/texlive/2024/texmf-dist/tex/latex/geometry/geometry.sty
(/usr/local/texlive/2024/texmf-dist/tex/generic/iftex/ifvtex.sty))
(/usr/local/texlive/2024/texmf-dist/tex/latex/psnfss/pifont.sty
(/usr/local/texlive/2024/texmf-dist/tex/latex/psnfss/upzd.fd)
(/usr/local/texlive/2024/texmf-dist/tex/latex/psnfss/upsy.fd))
(/usr/local/texlive/2024/texmf-dist/tex/latex/fontawesome5/fontawesome5.sty
(/usr/local/texlive/2024/texmf-dist/tex/latex/l3kernel/expl3.sty
(/usr/local/texlive/2024/texmf-dist/tex/latex/l3backend/l3backend-pdftex.def))
(/usr/local/texlive/2024/texmf-dist/tex/latex/l3packages/l3keys2e/l3keys2e.sty)
 (/usr/local/texlive/2024/texmf-dist/tex/latex/l3packages/xparse/xparse.sty)
(/usr/local/texlive/2024/texmf-dist/tex/latex/fontawesome5/fontawesome5-generic
-helper.sty
(/usr/local/texlive/2024/texmf-dist/tex/latex/fontawesome5/fontawesome5-mapping
.def))) (/usr/local/texlive/2024/texmf-dist/tex/latex/float/float.sty)
(/usr/local/texlive/2024/texmf-dist/tex/latex/pdflscape/pdflscape.sty
(/usr/local/texlive/2024/texmf-dist/tex/latex/pdflscape/pdflscape-nometadata.st
y (/usr/local/texlive/2024/texmf-dist/tex/latex/graphics/lscape.sty)))
(/usr/local/texlive/2024/texmf-dist/tex/latex/lipsum/lipsum.sty
(/usr/local/texlive/2024/texmf-dist/tex/latex/lipsum/lipsum.ltd.tex))
(/usr/local/texlive/2024/texmf-dist/tex/latex/lm/t1lmr.fd)
No file code.aux.
(/usr/local/texlive/2024/texmf-dist/tex/context/base/mkii/supp-pdf.mkii
[Loading MPS to PDF converter (version 2006.09.02).]
) (/usr/local/texlive/2024/texmf-dist/tex/latex/epstopdf-pkg/epstopdf-base.sty
(/usr/local/texlive/2024/texmf-dist/tex/latex/latexconfig/epstopdf-sys.cfg))
*geometry* driver: auto-detecting
*geometry* detected driver: pdftex

! Package pgfkeys Error: I do not know the key '/tcb/enhanced' and I am going t
o ignore it. Perhaps you misspelled it.

See the pgfkeys package documentation for explanation.
Type  H <return>  for immediate help.
 ...                                              
                                                  
l.130 ]
       

! Package pgfkeys Error: I do not know the key '/tcb/round corners' and I am go
ing to ignore it. Perhaps you misspelled it.

See the pgfkeys package documentation for explanation.
Type  H <return>  for immediate help.
 ...                                              
                                                  
l.130 ]
       

! Package pgfkeys Error: I do not know the key '/tcb/interior style', to which 
you passed 'left color=modernStart, right color=modernEnd', and I am going to i
gnore it. Perhaps you misspelled it.

See the pgfkeys package documentation for explanation.
Type  H <return>  for immediate help.
 ...                                              
                                                  
l.130 ]
       
(/usr/local/texlive/2024/texmf-dist/tex/latex/lm/ot1lmr.fd)
(/usr/local/texlive/2024/texmf-dist/tex/latex/lm/omllmm.fd)
(/usr/local/texlive/2024/texmf-dist/tex/latex/lm/omslmsy.fd)
(/usr/local/texlive/2024/texmf-dist/tex/latex/lm/omxlmex.fd)
Overfull \hbox (3.50961pt too wide) in paragraph at lines 168--172
 [][] 
(/usr/local/texlive/2024/texmf-dist/tex/latex/lm/ts1lmr.fd) [2{/usr/local/texli
ve/2024/texmf-dist/fonts/enc/dvips/lm/lm-ec.enc}{/usr/local/texlive/2024/texmf-
dist/fonts/enc/dvips/lm/lm-ts1.enc} </Users/williamekberg/Desktop/Stanford kurs
er/CS 224G/Repo/CS224G_TechPackAI/backend/src/projects/3a1ea474-be99-4e6b-a5dc-
5520c531d6ef/illustration/Screenshot_2025-03-09_at_15.26.02.png>]

! Package pgfkeys Error: I do not know the key '/tcb/enhanced' and I am going t
o ignore it. Perhaps you misspelled it.

See the pgfkeys package documentation for explanation.
Type  H <return>  for immediate help.
 ...                                              
                                                  
l.199 \techsection{General Design Description}
                                              

! Package pgfkeys Error: I do not know the key '/tcb/round corners' and I am go
ing to ignore it. Perhaps you misspelled it.

See the pgfkeys package documentation for explanation.
Type  H <return>  for immediate help.
 ...                                              
                                                  
l.199 \techsection{General Design Description}
                                              

! Package pgfkeys Error: I do not know the key '/tcb/enhanced' and I am going t
o ignore it. Perhaps you misspelled it.

See the pgfkeys package documentation for explanation.
Type  H <return>  for immediate help.
 ...                                              
                                                  
l.213 ...hsection{Technical Specification - Front}
                                                  

! Package pgfkeys Error: I do not know the key '/tcb/round corners' and I am go
ing to ignore it. Perhaps you misspelled it.

See the pgfkeys package documentation for explanation.
Type  H <return>  for immediate help.
 ...                                              
                                                  
l.213 ...hsection{Technical Specification - Front}
                                                  

Overfull \hbox (12.0pt too wide) in paragraph at lines 217--234
 [][] 

! Package pgfkeys Error: I do not know the key '/tcb/enhanced' and I am going t
o ignore it. Perhaps you misspelled it.

See the pgfkeys package documentation for explanation.
Type  H <return>  for immediate help.
 ...                                              
                                                  
l.240 \techsection{Technical Specification - Back}
                                                  

! Package pgfkeys Error: I do not know the key '/tcb/round corners' and I am go
ing to ignore it. Perhaps you misspelled it.

See the pgfkeys package documentation for explanation.
Type  H <return>  for immediate help.
 ...                                              
                                                  
l.240 \techsection{Technical Specification - Back}
                                                  

Overfull \hbox (12.0pt too wide) in paragraph at lines 244--261
 [][] 
[3] [4]

! Package pgfkeys Error: I do not know the key '/tcb/enhanced' and I am going t
o ignore it. Perhaps you misspelled it.

See the pgfkeys package documentation for explanation.
Type  H <return>  for immediate help.
 ...                                              
                                                  
l.268 \techsection{Lookalike}
                             

! Package pgfkeys Error: I do not know the key '/tcb/round corners' and I am go
ing to ignore it. Perhaps you misspelled it.

See the pgfkeys package documentation for explanation.
Type  H <return>  for immediate help.
 ...                                              
                                                  
l.268 \techsection{Lookalike}
                             
[5]

! Package pgfkeys Error: I do not know the key '/tcb/enhanced' and I am going t
o ignore it. Perhaps you misspelled it.

See the pgfkeys package documentation for explanation.
Type  H <return>  for immediate help.
 ...                                              
                                                  
l.298 \techsection{Stitches}
                            

! Package pgfkeys Error: I do not know the key '/tcb/round corners' and I am go
ing to ignore it. Perhaps you misspelled it.

See the pgfkeys package documentation for explanation.
Type  H <return>  for immediate help.
 ...                                              
                                                  
l.298 \techsection{Stitches}
                            
[6]

! Package pgfkeys Error: I do not know the key '/tcb/enhanced' and I am going t
o ignore it. Perhaps you misspelled it.

See the pgfkeys package documentation for explanation.
Type  H <return>  for immediate help.
 ...                                              
                                                  
l.335 \techsection{Fabrics}
                           

! Package pgfkeys Error: I do not know the key '/tcb/round corners' and I am go
ing to ignore it. Perhaps you misspelled it.

See the pgfkeys package documentation for explanation.
Type  H <return>  for immediate help.
 ...                                              
                                                  
l.335 \techsection{Fabrics}
                           

! Package pgfkeys Error: I do not know the key '/tcb/enhanced' and I am going t
o ignore it. Perhaps you misspelled it.

See the pgfkeys package documentation for explanation.
Type  H <return>  for immediate help.
 ...                                              
                                                  
l.357 \techsection{Threads}
                           

! Package pgfkeys Error: I do not know the key '/tcb/round corners' and I am go
ing to ignore it. Perhaps you misspelled it.

See the pgfkeys package documentation for explanation.
Type  H <return>  for immediate help.
 ...                                              
                                                  
l.357 \techsection{Threads}
                           

Underfull \hbox (badness 10000) in paragraph at lines 371--371
[]|\T1/lmr/m/n/10.95 Bottom

! Package pgfkeys Error: I do not know the key '/tcb/enhanced' and I am going t
o ignore it. Perhaps you misspelled it.

See the pgfkeys package documentation for explanation.
Type  H <return>  for immediate help.
 ...                                              
                                                  
l.375 \techsection{Other}
                         

! Package pgfkeys Error: I do not know the key '/tcb/round corners' and I am go
ing to ignore it. Perhaps you misspelled it.

See the pgfkeys package documentation for explanation.
Type  H <return>  for immediate help.
 ...                                              
                                                  
l.375 \techsection{Other}
                         
[7] [8]

! Package pgfkeys Error: I do not know the key '/tcb/enhanced' and I am going t
o ignore it. Perhaps you misspelled it.

See the pgfkeys package documentation for explanation.
Type  H <return>  for immediate help.
 ...                                              
                                                  
l.397 \techsection{Measurement Specifications}
                                              

! Package pgfkeys Error: I do not know the key '/tcb/round corners' and I am go
ing to ignore it. Perhaps you misspelled it.

See the pgfkeys package documentation for explanation.
Type  H <return>  for immediate help.
 ...                                              
                                                  
l.397 \techsection{Measurement Specifications}
                                              

Underfull \hbox (badness 10000) in paragraph at lines 437--437
[]|\T1/lmr/m/n/10.95 BODY LENGTH FROM

Underfull \hbox (badness 3229) in paragraph at lines 437--437
[]|\T1/lmr/m/n/10.95 ACROSS BACK CEN-TER

Underfull \hbox (badness 1163) in paragraph at lines 437--437
[]|\T1/lmr/m/n/10.95 MUSCLE WIDTH (1" BE-

Underfull \hbox (badness 6094) in paragraph at lines 463--463
[]|\T1/lmr/m/n/10.95 SHOULDER SEAM FOR-

Underfull \hbox (badness 10000) in paragraph at lines 463--463
[]|\T1/lmr/m/n/10.95 APPLIED POCKET

Underfull \hbox (badness 10000) in paragraph at lines 463--463
[]|\T1/lmr/m/n/10.95 POCKET PLACE-MENT

Underfull \hbox (badness 10000) in paragraph at lines 463--463
[]|\T1/lmr/m/n/10.95 POCKET PLACE-MENT
[9]

! Package pgfkeys Error: I do not know the key '/tcb/enhanced' and I am going t
o ignore it. Perhaps you misspelled it.

See the pgfkeys package documentation for explanation.
Type  H <return>  for immediate help.
 ...                                              
                                                  
l.471 \techsection{Colorways}
                             

! Package pgfkeys Error: I do not know the key '/tcb/round corners' and I am go
ing to ignore it. Perhaps you misspelled it.

See the pgfkeys package documentation for explanation.
Type  H <return>  for immediate help.
 ...                                              
                                                  
l.471 \techsection{Colorways}
                             
[10]

! Package pgfkeys Error: I do not know the key '/tcb/enhanced' and I am going t
o ignore it. Perhaps you misspelled it.

See the pgfkeys package documentation for explanation.
Type  H <return>  for immediate help.
 ...                                              
                                                  
l.516 \techsection{Label}
                         

! Package pgfkeys Error: I do not know the key '/tcb/round corners' and I am go
ing to ignore it. Perhaps you misspelled it.

See the pgfkeys package documentation for explanation.
Type  H <return>  for immediate help.
 ...                                              
                                                  
l.516 \techsection{Label}
                         

! Package pgfkeys Error: I do not know the key '/tcb/enhanced' and I am going t
o ignore it. Perhaps you misspelled it.

See the pgfkeys package documentation for explanation.
Type  H <return>  for immediate help.
 ...                                              
                                                  
l.538 \techsection{Packaging}
                             

! Package pgfkeys Error: I do not know the key '/tcb/round corners' and I am go
ing to ignore it. Perhaps you misspelled it.

See the pgfkeys package documentation for explanation.
Type  H <return>  for immediate help.
 ...                                              
                                                  
l.538 \techsection{Packaging}
                             

Underfull \hbox (badness 10000) in paragraph at lines 552--552
[]|\T1/lmr/m/n/10.95 Folding In-
[11]

! Package pgfkeys Error: I do not know the key '/tcb/enhanced' and I am going t
o ignore it. Perhaps you misspelled it.

See the pgfkeys package documentation for explanation.
Type  H <return>  for immediate help.
 ...                                              
                                                  
l.560 ...tion{CONFIDENTIALITY \& USAGE DISCLAIMER}
                                                  

! Package pgfkeys Error: I do not know the key '/tcb/round corners' and I am go
ing to ignore it. Perhaps you misspelled it.

See the pgfkeys package documentation for explanation.
Type  H <return>  for immediate help.
 ...                                              
                                                  
l.560 ...tion{CONFIDENTIALITY \& USAGE DISCLAIMER}
                                                  

! Package pgfkeys Error: I do not know the key '/tcb/enhanced' and I am going t
o ignore it. Perhaps you misspelled it.

See the pgfkeys package documentation for explanation.
Type  H <return>  for immediate help.
 ...                                              
                                                  
l.568 ]
       

! Package pgfkeys Error: I do not know the key '/tcb/enhanced' and I am going t
o ignore it. Perhaps you misspelled it.

See the pgfkeys package documentation for explanation.
Type  H <return>  for immediate help.
 ...                                              
                                                  
l.587 \techsection{LEGAL NOTICE}
                                

! Package pgfkeys Error: I do not know the key '/tcb/round corners' and I am go
ing to ignore it. Perhaps you misspelled it.

See the pgfkeys package documentation for explanation.
Type  H <return>  for immediate help.
 ...                                              
                                                  
l.587 \techsection{LEGAL NOTICE}
                                

! Package pgfkeys Error: I do not know the key '/tcb/enhanced' and I am going t
o ignore it. Perhaps you misspelled it.

See the pgfkeys package documentation for explanation.
Type  H <return>  for immediate help.
 ...                                              
                                                  
l.595 ]
       
[12]
(/Users/williamekberg/Desktop/Stanford kurser/CS 224G/Repo/CS224G_TechPackAI/ba
ckend/src/projects/3a1ea474-be99-4e6b-a5dc-5520c531d6ef/code.aux)

Package rerunfilecheck Warning: File `code.out' has changed.
(rerunfilecheck)                Rerun to get outlines right
(rerunfilecheck)                or use package `bookmark'.

 )
(see the transcript file for additional information)</usr/local/texlive/2024/te
xmf-dist/fonts/type1/public/amsfonts/cm/cmr10.pfb></usr/local/texlive/2024/texm
f-dist/fonts/type1/public/lm/lmbx10.pfb></usr/local/texlive/2024/texmf-dist/fon
ts/type1/public/lm/lmbx12.pfb></usr/local/texlive/2024/texmf-dist/fonts/type1/p
ublic/lm/lmbx6.pfb></usr/local/texlive/2024/texmf-dist/fonts/type1/public/lm/lm
r10.pfb>
Output written on "/Users/williamekberg/Desktop/Stanford kurser/CS 224G/Repo/CS
224G_TechPackAI/backend/src/projects/3a1ea474-be99-4e6b-a5dc-5520c531d6ef/code.
pdf" (12 pages, 277156 bytes).
Transcript written on "/Users/williamekberg/Desktop/Stanford kurser/CS 224G/Rep
o/CS224G_TechPackAI/backend/src/projects/3a1ea474-be99-4e6b-a5dc-5520c531d6ef/c
ode.log".
=== Compilation Pass 2 ===
This is pdfTeX, Version 3.141592653-2.6-1.40.26 (TeX Live 2024) (preloaded format=pdflatex)
 restricted \write18 enabled.
entering extended mode

(/Users/williamekberg/Desktop/Stanford kurser/CS 224G/Repo/CS224G_TechPackAI/ba
ckend/src/projects/3a1ea474-be99-4e6b-a5dc-5520c531d6ef/code.tex
LaTeX2e <2023-11-01> patch level 1
L3 programming layer <2024-02-20>

! LaTeX Error: Missing \begin{document}.

See the LaTeX manual or LaTeX Companion for explanation.
Type  H <return>  for immediate help.
 ...                                              
                                                  
l.1 `
     ``latex
Missing character: There is no ` in font nullfont!
Missing character: There is no ` in font nullfont!
Missing character: There is no ` in font nullfont!
Missing character: There is no l in font nullfont!
Missing character: There is no a in font nullfont!
Missing character: There is no t in font nullfont!
Missing character: There is no e in font nullfont!
Missing character: There is no x in font nullfont!
(/usr/local/texlive/2024/texmf-dist/tex/latex/base/article.cls
Document Class: article 2023/05/17 v1.4n Standard LaTeX document class
(/usr/local/texlive/2024/texmf-dist/tex/latex/base/size11.clo)
Overfull \hbox (20.0pt too wide) in paragraph at lines 1--274
[]
[1{/usr/local/texlive/2024/texmf-var/fonts/map/pdftex/updmap/pdftex.map}])
(/usr/local/texlive/2024/texmf-dist/tex/latex/base/inputenc.sty)
(/usr/local/texlive/2024/texmf-dist/tex/latex/base/fontenc.sty)
(/usr/local/texlive/2024/texmf-dist/tex/latex/lm/lmodern.sty)
(/usr/local/texlive/2024/texmf-dist/tex/generic/babel/babel.sty
(/usr/local/texlive/2024/texmf-dist/tex/generic/babel/txtbabel.def)
(/usr/local/texlive/2024/texmf-dist/tex/generic/babel-english/english.ldf))
(/usr/local/texlive/2024/texmf-dist/tex/generic/babel/locale/en/babel-english.t
ex) (/usr/local/texlive/2024/texmf-dist/tex/latex/xcolor/xcolor.sty
(/usr/local/texlive/2024/texmf-dist/tex/latex/graphics-cfg/color.cfg)
(/usr/local/texlive/2024/texmf-dist/tex/latex/graphics-def/pdftex.def)
(/usr/local/texlive/2024/texmf-dist/tex/latex/graphics/mathcolor.ltx))
(/usr/local/texlive/2024/texmf-dist/tex/latex/graphics/graphicx.sty
(/usr/local/texlive/2024/texmf-dist/tex/latex/graphics/keyval.sty)
(/usr/local/texlive/2024/texmf-dist/tex/latex/graphics/graphics.sty
(/usr/local/texlive/2024/texmf-dist/tex/latex/graphics/trig.sty)
(/usr/local/texlive/2024/texmf-dist/tex/latex/graphics-cfg/graphics.cfg)))
(/usr/local/texlive/2024/texmf-dist/tex/latex/tools/tabularx.sty
(/usr/local/texlive/2024/texmf-dist/tex/latex/tools/array.sty))
(/usr/local/texlive/2024/texmf-dist/tex/latex/booktabs/booktabs.sty)
(/usr/local/texlive/2024/texmf-dist/tex/latex/colortbl/colortbl.sty)
(/usr/local/texlive/2024/texmf-dist/tex/latex/multirow/multirow.sty)
(/usr/local/texlive/2024/texmf-dist/tex/latex/pgf/frontendlayer/tikz.sty
(/usr/local/texlive/2024/texmf-dist/tex/latex/pgf/basiclayer/pgf.sty
(/usr/local/texlive/2024/texmf-dist/tex/latex/pgf/utilities/pgfrcs.sty
(/usr/local/texlive/2024/texmf-dist/tex/generic/pgf/utilities/pgfutil-common.te
x)
(/usr/local/texlive/2024/texmf-dist/tex/generic/pgf/utilities/pgfutil-latex.def
) (/usr/local/texlive/2024/texmf-dist/tex/generic/pgf/utilities/pgfrcs.code.tex
(/usr/local/texlive/2024/texmf-dist/tex/generic/pgf/pgf.revision.tex)))
(/usr/local/texlive/2024/texmf-dist/tex/latex/pgf/basiclayer/pgfcore.sty
(/usr/local/texlive/2024/texmf-dist/tex/latex/pgf/systemlayer/pgfsys.sty
(/usr/local/texlive/2024/texmf-dist/tex/generic/pgf/systemlayer/pgfsys.code.tex
(/usr/local/texlive/2024/texmf-dist/tex/generic/pgf/utilities/pgfkeys.code.tex
(/usr/local/texlive/2024/texmf-dist/tex/generic/pgf/utilities/pgfkeyslibraryfil
tered.code.tex))
(/usr/local/texlive/2024/texmf-dist/tex/generic/pgf/systemlayer/pgf.cfg)
(/usr/local/texlive/2024/texmf-dist/tex/generic/pgf/systemlayer/pgfsys-pdftex.d
ef
(/usr/local/texlive/2024/texmf-dist/tex/generic/pgf/systemlayer/pgfsys-common-p
df.def)))
(/usr/local/texlive/2024/texmf-dist/tex/generic/pgf/systemlayer/pgfsyssoftpath.
code.tex)
(/usr/local/texlive/2024/texmf-dist/tex/generic/pgf/systemlayer/pgfsysprotocol.
code.tex))
(/usr/local/texlive/2024/texmf-dist/tex/generic/pgf/basiclayer/pgfcore.code.tex
(/usr/local/texlive/2024/texmf-dist/tex/generic/pgf/math/pgfmath.code.tex
(/usr/local/texlive/2024/texmf-dist/tex/generic/pgf/math/pgfmathutil.code.tex)
(/usr/local/texlive/2024/texmf-dist/tex/generic/pgf/math/pgfmathparser.code.tex
)
(/usr/local/texlive/2024/texmf-dist/tex/generic/pgf/math/pgfmathfunctions.code.
tex)
(/usr/local/texlive/2024/texmf-dist/tex/generic/pgf/math/pgfmathfunctions.basic
.code.tex)
(/usr/local/texlive/2024/texmf-dist/tex/generic/pgf/math/pgfmathfunctions.trigo
nometric.code.tex)
(/usr/local/texlive/2024/texmf-dist/tex/generic/pgf/math/pgfmathfunctions.rando
m.code.tex)
(/usr/local/texlive/2024/texmf-dist/tex/generic/pgf/math/pgfmathfunctions.compa
rison.code.tex)
(/usr/local/texlive/2024/texmf-dist/tex/generic/pgf/math/pgfmathfunctions.base.
code.tex)
(/usr/local/texlive/2024/texmf-dist/tex/generic/pgf/math/pgfmathfunctions.round
.code.tex)
(/usr/local/texlive/2024/texmf-dist/tex/generic/pgf/math/pgfmathfunctions.misc.
code.tex)
(/usr/local/texlive/2024/texmf-dist/tex/generic/pgf/math/pgfmathfunctions.integ
erarithmetics.code.tex)
(/usr/local/texlive/2024/texmf-dist/tex/generic/pgf/math/pgfmathcalc.code.tex)
(/usr/local/texlive/2024/texmf-dist/tex/generic/pgf/math/pgfmathfloat.code.tex)
) (/usr/local/texlive/2024/texmf-dist/tex/generic/pgf/math/pgfint.code.tex)
(/usr/local/texlive/2024/texmf-dist/tex/generic/pgf/basiclayer/pgfcorepoints.co
de.tex)
(/usr/local/texlive/2024/texmf-dist/tex/generic/pgf/basiclayer/pgfcorepathconst
ruct.code.tex)
(/usr/local/texlive/2024/texmf-dist/tex/generic/pgf/basiclayer/pgfcorepathusage
.code.tex)
(/usr/local/texlive/2024/texmf-dist/tex/generic/pgf/basiclayer/pgfcorescopes.co
de.tex)
(/usr/local/texlive/2024/texmf-dist/tex/generic/pgf/basiclayer/pgfcoregraphicst
ate.code.tex)
(/usr/local/texlive/2024/texmf-dist/tex/generic/pgf/basiclayer/pgfcoretransform
ations.code.tex)
(/usr/local/texlive/2024/texmf-dist/tex/generic/pgf/basiclayer/pgfcorequick.cod
e.tex)
(/usr/local/texlive/2024/texmf-dist/tex/generic/pgf/basiclayer/pgfcoreobjects.c
ode.tex)
(/usr/local/texlive/2024/texmf-dist/tex/generic/pgf/basiclayer/pgfcorepathproce
ssing.code.tex)
(/usr/local/texlive/2024/texmf-dist/tex/generic/pgf/basiclayer/pgfcorearrows.co
de.tex)
(/usr/local/texlive/2024/texmf-dist/tex/generic/pgf/basiclayer/pgfcoreshade.cod
e.tex)
(/usr/local/texlive/2024/texmf-dist/tex/generic/pgf/basiclayer/pgfcoreimage.cod
e.tex)
(/usr/local/texlive/2024/texmf-dist/tex/generic/pgf/basiclayer/pgfcoreexternal.
code.tex)
(/usr/local/texlive/2024/texmf-dist/tex/generic/pgf/basiclayer/pgfcorelayers.co
de.tex)
(/usr/local/texlive/2024/texmf-dist/tex/generic/pgf/basiclayer/pgfcoretranspare
ncy.code.tex)
(/usr/local/texlive/2024/texmf-dist/tex/generic/pgf/basiclayer/pgfcorepatterns.
code.tex)
(/usr/local/texlive/2024/texmf-dist/tex/generic/pgf/basiclayer/pgfcorerdf.code.
tex)))
(/usr/local/texlive/2024/texmf-dist/tex/generic/pgf/modules/pgfmoduleshapes.cod
e.tex)
(/usr/local/texlive/2024/texmf-dist/tex/generic/pgf/modules/pgfmoduleplot.code.
tex)
(/usr/local/texlive/2024/texmf-dist/tex/latex/pgf/compatibility/pgfcomp-version
-0-65.sty)
(/usr/local/texlive/2024/texmf-dist/tex/latex/pgf/compatibility/pgfcomp-version
-1-18.sty))
(/usr/local/texlive/2024/texmf-dist/tex/latex/pgf/utilities/pgffor.sty
(/usr/local/texlive/2024/texmf-dist/tex/latex/pgf/utilities/pgfkeys.sty
(/usr/local/texlive/2024/texmf-dist/tex/generic/pgf/utilities/pgfkeys.code.tex)
) (/usr/local/texlive/2024/texmf-dist/tex/latex/pgf/math/pgfmath.sty
(/usr/local/texlive/2024/texmf-dist/tex/generic/pgf/math/pgfmath.code.tex))
(/usr/local/texlive/2024/texmf-dist/tex/generic/pgf/utilities/pgffor.code.tex))

(/usr/local/texlive/2024/texmf-dist/tex/generic/pgf/frontendlayer/tikz/tikz.cod
e.tex
(/usr/local/texlive/2024/texmf-dist/tex/generic/pgf/libraries/pgflibraryplothan
dlers.code.tex)
(/usr/local/texlive/2024/texmf-dist/tex/generic/pgf/modules/pgfmodulematrix.cod
e.tex)
(/usr/local/texlive/2024/texmf-dist/tex/generic/pgf/frontendlayer/tikz/librarie
s/tikzlibrarytopaths.code.tex)))
(/usr/local/texlive/2024/texmf-dist/tex/latex/tcolorbox/tcolorbox.sty
(/usr/local/texlive/2024/texmf-dist/tex/latex/tools/verbatim.sty)
(/usr/local/texlive/2024/texmf-dist/tex/latex/environ/environ.sty
(/usr/local/texlive/2024/texmf-dist/tex/latex/trimspaces/trimspaces.sty))
(/usr/local/texlive/2024/texmf-dist/tex/latex/etoolbox/etoolbox.sty))
(/usr/local/texlive/2024/texmf-dist/tex/latex/enumitem/enumitem.sty)
(/usr/local/texlive/2024/texmf-dist/tex/latex/fancyhdr/fancyhdr.sty)
(/usr/local/texlive/2024/texmf-dist/tex/latex/hyperref/hyperref.sty
(/usr/local/texlive/2024/texmf-dist/tex/generic/iftex/iftex.sty)
(/usr/local/texlive/2024/texmf-dist/tex/latex/kvsetkeys/kvsetkeys.sty)
(/usr/local/texlive/2024/texmf-dist/tex/generic/kvdefinekeys/kvdefinekeys.sty)
(/usr/local/texlive/2024/texmf-dist/tex/generic/pdfescape/pdfescape.sty
(/usr/local/texlive/2024/texmf-dist/tex/generic/ltxcmds/ltxcmds.sty)
(/usr/local/texlive/2024/texmf-dist/tex/generic/pdftexcmds/pdftexcmds.sty
(/usr/local/texlive/2024/texmf-dist/tex/generic/infwarerr/infwarerr.sty)))
(/usr/local/texlive/2024/texmf-dist/tex/latex/hycolor/hycolor.sty)
(/usr/local/texlive/2024/texmf-dist/tex/latex/auxhook/auxhook.sty)
(/usr/local/texlive/2024/texmf-dist/tex/latex/hyperref/nameref.sty
(/usr/local/texlive/2024/texmf-dist/tex/latex/refcount/refcount.sty)
(/usr/local/texlive/2024/texmf-dist/tex/generic/gettitlestring/gettitlestring.s
ty (/usr/local/texlive/2024/texmf-dist/tex/latex/kvoptions/kvoptions.sty)))
(/usr/local/texlive/2024/texmf-dist/tex/latex/hyperref/pd1enc.def)
(/usr/local/texlive/2024/texmf-dist/tex/generic/intcalc/intcalc.sty)
(/usr/local/texlive/2024/texmf-dist/tex/latex/hyperref/puenc.def)
(/usr/local/texlive/2024/texmf-dist/tex/latex/url/url.sty)
(/usr/local/texlive/2024/texmf-dist/tex/generic/bitset/bitset.sty
(/usr/local/texlive/2024/texmf-dist/tex/generic/bigintcalc/bigintcalc.sty))
(/usr/local/texlive/2024/texmf-dist/tex/latex/base/atbegshi-ltx.sty))
(/usr/local/texlive/2024/texmf-dist/tex/latex/hyperref/hpdftex.def
(/usr/local/texlive/2024/texmf-dist/tex/latex/base/atveryend-ltx.sty)
(/usr/local/texlive/2024/texmf-dist/tex/latex/rerunfilecheck/rerunfilecheck.sty

(/usr/local/texlive/2024/texmf-dist/tex/generic/uniquecounter/uniquecounter.sty
))) (/usr/local/texlive/2024/texmf-dist/tex/latex/geometry/geometry.sty
(/usr/local/texlive/2024/texmf-dist/tex/generic/iftex/ifvtex.sty))
(/usr/local/texlive/2024/texmf-dist/tex/latex/psnfss/pifont.sty
(/usr/local/texlive/2024/texmf-dist/tex/latex/psnfss/upzd.fd)
(/usr/local/texlive/2024/texmf-dist/tex/latex/psnfss/upsy.fd))
(/usr/local/texlive/2024/texmf-dist/tex/latex/fontawesome5/fontawesome5.sty
(/usr/local/texlive/2024/texmf-dist/tex/latex/l3kernel/expl3.sty
(/usr/local/texlive/2024/texmf-dist/tex/latex/l3backend/l3backend-pdftex.def))
(/usr/local/texlive/2024/texmf-dist/tex/latex/l3packages/l3keys2e/l3keys2e.sty)
 (/usr/local/texlive/2024/texmf-dist/tex/latex/l3packages/xparse/xparse.sty)
(/usr/local/texlive/2024/texmf-dist/tex/latex/fontawesome5/fontawesome5-generic
-helper.sty
(/usr/local/texlive/2024/texmf-dist/tex/latex/fontawesome5/fontawesome5-mapping
.def))) (/usr/local/texlive/2024/texmf-dist/tex/latex/float/float.sty)
(/usr/local/texlive/2024/texmf-dist/tex/latex/pdflscape/pdflscape.sty
(/usr/local/texlive/2024/texmf-dist/tex/latex/pdflscape/pdflscape-nometadata.st
y (/usr/local/texlive/2024/texmf-dist/tex/latex/graphics/lscape.sty)))
(/usr/local/texlive/2024/texmf-dist/tex/latex/lipsum/lipsum.sty
(/usr/local/texlive/2024/texmf-dist/tex/latex/lipsum/lipsum.ltd.tex))
(/usr/local/texlive/2024/texmf-dist/tex/latex/lm/t1lmr.fd)
(/Users/williamekberg/Desktop/Stanford kurser/CS 224G/Repo/CS224G_TechPackAI/ba
ckend/src/projects/3a1ea474-be99-4e6b-a5dc-5520c531d6ef/code.aux)
(/usr/local/texlive/2024/texmf-dist/tex/context/base/mkii/supp-pdf.mkii
[Loading MPS to PDF converter (version 2006.09.02).]
) (/usr/local/texlive/2024/texmf-dist/tex/latex/epstopdf-pkg/epstopdf-base.sty
(/usr/local/texlive/2024/texmf-dist/tex/latex/latexconfig/epstopdf-sys.cfg))
(/Users/williamekberg/Desktop/Stanford kurser/CS 224G/Repo/CS224G_TechPackAI/ba
ckend/src/projects/3a1ea474-be99-4e6b-a5dc-5520c531d6ef/code.out)
(/Users/williamekberg/Desktop/Stanford kurser/CS 224G/Repo/CS224G_TechPackAI/ba
ckend/src/projects/3a1ea474-be99-4e6b-a5dc-5520c531d6ef/code.out)
*geometry* driver: auto-detecting
*geometry* detected driver: pdftex

! Package pgfkeys Error: I do not know the key '/tcb/enhanced' and I am going t
o ignore it. Perhaps you misspelled it.

See the pgfkeys package documentation for explanation.
Type  H <return>  for immediate help.
 ...                                              
                                                  
l.130 ]
       

! Package pgfkeys Error: I do not know the key '/tcb/round corners' and I am go
ing to ignore it. Perhaps you misspelled it.

See the pgfkeys package documentation for explanation.
Type  H <return>  for immediate help.
 ...                                              
                                                  
l.130 ]
       

! Package pgfkeys Error: I do not know the key '/tcb/interior style', to which 
you passed 'left color=modernStart, right color=modernEnd', and I am going to i
gnore it. Perhaps you misspelled it.

See the pgfkeys package documentation for explanation.
Type  H <return>  for immediate help.
 ...                                              
                                                  
l.130 ]
       
(/usr/local/texlive/2024/texmf-dist/tex/latex/lm/ot1lmr.fd)
(/usr/local/texlive/2024/texmf-dist/tex/latex/lm/omllmm.fd)
(/usr/local/texlive/2024/texmf-dist/tex/latex/lm/omslmsy.fd)
(/usr/local/texlive/2024/texmf-dist/tex/latex/lm/omxlmex.fd)
Overfull \hbox (3.50961pt too wide) in paragraph at lines 168--172
 [][] 
(/usr/local/texlive/2024/texmf-dist/tex/latex/lm/ts1lmr.fd) [2{/usr/local/texli
ve/2024/texmf-dist/fonts/enc/dvips/lm/lm-ec.enc}{/usr/local/texlive/2024/texmf-
dist/fonts/enc/dvips/lm/lm-ts1.enc} </Users/williamekberg/Desktop/Stanford kurs
er/CS 224G/Repo/CS224G_TechPackAI/backend/src/projects/3a1ea474-be99-4e6b-a5dc-
5520c531d6ef/illustration/Screenshot_2025-03-09_at_15.26.02.png>]

! Package pgfkeys Error: I do not know the key '/tcb/enhanced' and I am going t
o ignore it. Perhaps you misspelled it.

See the pgfkeys package documentation for explanation.
Type  H <return>  for immediate help.
 ...                                              
                                                  
l.199 \techsection{General Design Description}
                                              

! Package pgfkeys Error: I do not know the key '/tcb/round corners' and I am go
ing to ignore it. Perhaps you misspelled it.

See the pgfkeys package documentation for explanation.
Type  H <return>  for immediate help.
 ...                                              
                                                  
l.199 \techsection{General Design Description}
                                              

! Package pgfkeys Error: I do not know the key '/tcb/enhanced' and I am going t
o ignore it. Perhaps you misspelled it.

See the pgfkeys package documentation for explanation.
Type  H <return>  for immediate help.
 ...                                              
                                                  
l.213 ...hsection{Technical Specification - Front}
                                                  

! Package pgfkeys Error: I do not know the key '/tcb/round corners' and I am go
ing to ignore it. Perhaps you misspelled it.

See the pgfkeys package documentation for explanation.
Type  H <return>  for immediate help.
 ...                                              
                                                  
l.213 ...hsection{Technical Specification - Front}
                                                  

Overfull \hbox (12.0pt too wide) in paragraph at lines 217--234
 [][] 

! Package pgfkeys Error: I do not know the key '/tcb/enhanced' and I am going t
o ignore it. Perhaps you misspelled it.

See the pgfkeys package documentation for explanation.
Type  H <return>  for immediate help.
 ...                                              
                                                  
l.240 \techsection{Technical Specification - Back}
                                                  

! Package pgfkeys Error: I do not know the key '/tcb/round corners' and I am go
ing to ignore it. Perhaps you misspelled it.

See the pgfkeys package documentation for explanation.
Type  H <return>  for immediate help.
 ...                                              
                                                  
l.240 \techsection{Technical Specification - Back}
                                                  

Overfull \hbox (12.0pt too wide) in paragraph at lines 244--261
 [][] 
[3] [4]

! Package pgfkeys Error: I do not know the key '/tcb/enhanced' and I am going t
o ignore it. Perhaps you misspelled it.

See the pgfkeys package documentation for explanation.
Type  H <return>  for immediate help.
 ...                                              
                                                  
l.268 \techsection{Lookalike}
                             

! Package pgfkeys Error: I do not know the key '/tcb/round corners' and I am go
ing to ignore it. Perhaps you misspelled it.

See the pgfkeys package documentation for explanation.
Type  H <return>  for immediate help.
 ...                                              
                                                  
l.268 \techsection{Lookalike}
                             
[5]

! Package pgfkeys Error: I do not know the key '/tcb/enhanced' and I am going t
o ignore it. Perhaps you misspelled it.

See the pgfkeys package documentation for explanation.
Type  H <return>  for immediate help.
 ...                                              
                                                  
l.298 \techsection{Stitches}
                            

! Package pgfkeys Error: I do not know the key '/tcb/round corners' and I am go
ing to ignore it. Perhaps you misspelled it.

See the pgfkeys package documentation for explanation.
Type  H <return>  for immediate help.
 ...                                              
                                                  
l.298 \techsection{Stitches}
                            
[6]

! Package pgfkeys Error: I do not know the key '/tcb/enhanced' and I am going t
o ignore it. Perhaps you misspelled it.

See the pgfkeys package documentation for explanation.
Type  H <return>  for immediate help.
 ...                                              
                                                  
l.335 \techsection{Fabrics}
                           

! Package pgfkeys Error: I do not know the key '/tcb/round corners' and I am go
ing to ignore it. Perhaps you misspelled it.

See the pgfkeys package documentation for explanation.
Type  H <return>  for immediate help.
 ...                                              
                                                  
l.335 \techsection{Fabrics}
                           

! Package pgfkeys Error: I do not know the key '/tcb/enhanced' and I am going t
o ignore it. Perhaps you misspelled it.

See the pgfkeys package documentation for explanation.
Type  H <return>  for immediate help.
 ...                                              
                                                  
l.357 \techsection{Threads}
                           

! Package pgfkeys Error: I do not know the key '/tcb/round corners' and I am go
ing to ignore it. Perhaps you misspelled it.

See the pgfkeys package documentation for explanation.
Type  H <return>  for immediate help.
 ...                                              
                                                  
l.357 \techsection{Threads}
                           

Underfull \hbox (badness 10000) in paragraph at lines 371--371
[]|\T1/lmr/m/n/10.95 Bottom

! Package pgfkeys Error: I do not know the key '/tcb/enhanced' and I am going t
o ignore it. Perhaps you misspelled it.

See the pgfkeys package documentation for explanation.
Type  H <return>  for immediate help.
 ...                                              
                                                  
l.375 \techsection{Other}
                         

! Package pgfkeys Error: I do not know the key '/tcb/round corners' and I am go
ing to ignore it. Perhaps you misspelled it.

See the pgfkeys package documentation for explanation.
Type  H <return>  for immediate help.
 ...                                              
                                                  
l.375 \techsection{Other}
                         
[7] [8]

! Package pgfkeys Error: I do not know the key '/tcb/enhanced' and I am going t
o ignore it. Perhaps you misspelled it.

See the pgfkeys package documentation for explanation.
Type  H <return>  for immediate help.
 ...                                              
                                                  
l.397 \techsection{Measurement Specifications}
                                              

! Package pgfkeys Error: I do not know the key '/tcb/round corners' and I am go
ing to ignore it. Perhaps you misspelled it.

See the pgfkeys package documentation for explanation.
Type  H <return>  for immediate help.
 ...                                              
                                                  
l.397 \techsection{Measurement Specifications}
                                              

Underfull \hbox (badness 10000) in paragraph at lines 437--437
[]|\T1/lmr/m/n/10.95 BODY LENGTH FROM

Underfull \hbox (badness 3229) in paragraph at lines 437--437
[]|\T1/lmr/m/n/10.95 ACROSS BACK CEN-TER

Underfull \hbox (badness 1163) in paragraph at lines 437--437
[]|\T1/lmr/m/n/10.95 MUSCLE WIDTH (1" BE-

Underfull \hbox (badness 6094) in paragraph at lines 463--463
[]|\T1/lmr/m/n/10.95 SHOULDER SEAM FOR-

Underfull \hbox (badness 10000) in paragraph at lines 463--463
[]|\T1/lmr/m/n/10.95 APPLIED POCKET

Underfull \hbox (badness 10000) in paragraph at lines 463--463
[]|\T1/lmr/m/n/10.95 POCKET PLACE-MENT

Underfull \hbox (badness 10000) in paragraph at lines 463--463
[]|\T1/lmr/m/n/10.95 POCKET PLACE-MENT
[9]

! Package pgfkeys Error: I do not know the key '/tcb/enhanced' and I am going t
o ignore it. Perhaps you misspelled it.

See the pgfkeys package documentation for explanation.
Type  H <return>  for immediate help.
 ...                                              
                                                  
l.471 \techsection{Colorways}
                             

! Package pgfkeys Error: I do not know the key '/tcb/round corners' and I am go
ing to ignore it. Perhaps you misspelled it.

See the pgfkeys package documentation for explanation.
Type  H <return>  for immediate help.
 ...                                              
                                                  
l.471 \techsection{Colorways}
                             
[10]

! Package pgfkeys Error: I do not know the key '/tcb/enhanced' and I am going t
o ignore it. Perhaps you misspelled it.

See the pgfkeys package documentation for explanation.
Type  H <return>  for immediate help.
 ...                                              
                                                  
l.516 \techsection{Label}
                         

! Package pgfkeys Error: I do not know the key '/tcb/round corners' and I am go
ing to ignore it. Perhaps you misspelled it.

See the pgfkeys package documentation for explanation.
Type  H <return>  for immediate help.
 ...                                              
                                                  
l.516 \techsection{Label}
                         

! Package pgfkeys Error: I do not know the key '/tcb/enhanced' and I am going t
o ignore it. Perhaps you misspelled it.

See the pgfkeys package documentation for explanation.
Type  H <return>  for immediate help.
 ...                                              
                                                  
l.538 \techsection{Packaging}
                             

! Package pgfkeys Error: I do not know the key '/tcb/round corners' and I am go
ing to ignore it. Perhaps you misspelled it.

See the pgfkeys package documentation for explanation.
Type  H <return>  for immediate help.
 ...                                              
                                                  
l.538 \techsection{Packaging}
                             

Underfull \hbox (badness 10000) in paragraph at lines 552--552
[]|\T1/lmr/m/n/10.95 Folding In-
[11]

! Package pgfkeys Error: I do not know the key '/tcb/enhanced' and I am going t
o ignore it. Perhaps you misspelled it.

See the pgfkeys package documentation for explanation.
Type  H <return>  for immediate help.
 ...                                              
                                                  
l.560 ...tion{CONFIDENTIALITY \& USAGE DISCLAIMER}
                                                  

! Package pgfkeys Error: I do not know the key '/tcb/round corners' and I am go
ing to ignore it. Perhaps you misspelled it.

See the pgfkeys package documentation for explanation.
Type  H <return>  for immediate help.
 ...                                              
                                                  
l.560 ...tion{CONFIDENTIALITY \& USAGE DISCLAIMER}
                                                  

! Package pgfkeys Error: I do not know the key '/tcb/enhanced' and I am going t
o ignore it. Perhaps you misspelled it.

See the pgfkeys package documentation for explanation.
Type  H <return>  for immediate help.
 ...                                              
                                                  
l.568 ]
       

! Package pgfkeys Error: I do not know the key '/tcb/enhanced' and I am going t
o ignore it. Perhaps you misspelled it.

See the pgfkeys package documentation for explanation.
Type  H <return>  for immediate help.
 ...                                              
                                                  
l.587 \techsection{LEGAL NOTICE}
                                

! Package pgfkeys Error: I do not know the key '/tcb/round corners' and I am go
ing to ignore it. Perhaps you misspelled it.

See the pgfkeys package documentation for explanation.
Type  H <return>  for immediate help.
 ...                                              
                                                  
l.587 \techsection{LEGAL NOTICE}
                                

! Package pgfkeys Error: I do not know the key '/tcb/enhanced' and I am going t
o ignore it. Perhaps you misspelled it.

See the pgfkeys package documentation for explanation.
Type  H <return>  for immediate help.
 ...                                              
                                                  
l.595 ]
       
[12]
(/Users/williamekberg/Desktop/Stanford kurser/CS 224G/Repo/CS224G_TechPackAI/ba
ckend/src/projects/3a1ea474-be99-4e6b-a5dc-5520c531d6ef/code.aux) )
(see the transcript file for additional information)</usr/local/texlive/2024/te
xmf-dist/fonts/type1/public/amsfonts/cm/cmr10.pfb></usr/local/texlive/2024/texm
f-dist/fonts/type1/public/lm/lmbx10.pfb></usr/local/texlive/2024/texmf-dist/fon
ts/type1/public/lm/lmbx12.pfb></usr/local/texlive/2024/texmf-dist/fonts/type1/p
ublic/lm/lmbx6.pfb></usr/local/texlive/2024/texmf-dist/fonts/type1/public/lm/lm
r10.pfb>
Output written on "/Users/williamekberg/Desktop/Stanford kurser/CS 224G/Repo/CS
224G_TechPackAI/backend/src/projects/3a1ea474-be99-4e6b-a5dc-5520c531d6ef/code.
pdf" (12 pages, 277156 bytes).
Transcript written on "/Users/williamekberg/Desktop/Stanford kurser/CS 224G/Rep
o/CS224G_TechPackAI/backend/src/projects/3a1ea474-be99-4e6b-a5dc-5520c531d6ef/c
ode.log".
