This is pdfTeX, Version 3.141592653-2.6-1.40.26 (TeX Live 2024) (preloaded format=pdflatex 2025.2.18)  27 FEB 2025 17:35
entering extended mode
 restricted \write18 enabled.
 %&-line parsing enabled.
**"/Users/williamekberg/Desktop/Stanford kurser/CS 224G/Repo/CS224G_TechPackAI/
backend/src/projects/9fa12adc-9d09-44be-82fc-eaef8ab3544a/code.tex"

(/Users/williamekberg/Desktop/Stanford kurser/CS 224G/Repo/CS224G_TechPackAI/ba
ckend/src/projects/9fa12adc-9d09-44be-82fc-eaef8ab3544a/code.tex
LaTeX2e <2023-11-01> patch level 1
L3 programming layer <2024-02-20>
)
! Emergency stop.
<*> ...12adc-9d09-44be-82fc-eaef8ab3544a/code.tex"
                                                  
*** (job aborted, no legal \end found)

 
Here is how much of TeX's memory you used:
 17 strings out of 474116
 907 string characters out of 5743682
 1925187 words of memory out of 5000000
 22476 multiletter control sequences out of 15000+600000
 558069 words of font info for 36 fonts, out of 8000000 for 9000
 1141 hyphenation exceptions out of 8191
 12i,0n,13p,176b,8s stack positions out of 10000i,1000n,20000p,200000b,200000s
!  ==> Fatal error occurred, no output PDF file produced!
